<?xml version="1.0" encoding="UTF-8"?>
<testsuite name="Comprar un producto" tests="1" skipped="0" failures="0" errors="0" timestamp="2021-03-21T01:13:08" hostname="CHBOGML-113662" time="14.302">
  <properties/>
  <testcase name="Realizar compra usuario no registrado" classname="Comprar un producto" time="14.302"/>
  <system-out><![CDATA[]]></system-out>
  <system-err><![CDATA[mar 20, 2021 8:13:08 PM org.openqa.selenium.remote.DesiredCapabilities chrome
INFORMACIÓN: Using `new ChromeOptions()` is preferred to `DesiredCapabilities.chrome()`
Starting ChromeDriver 89.0.4389.23 (61b08ee2c50024bab004e48d2b1b083cdbdac579-refs/branch-heads/4389@{#294}) on port 33569
Only local connections are allowed.
Please see https://chromedriver.chromium.org/security-considerations for suggestions on keeping ChromeDriver safe.
ChromeDriver was started successfully.
mar 20, 2021 8:13:10 PM org.openqa.selenium.remote.ProtocolHandshake createSession
INFORMACIÓN: Detected dialect: W3C
[Test worker] INFO net.serenitybdd.core.Serenity - 
        __    _____ _____ ____ _____   ____   _    ____  ____  _____ ____  
  _     \ \  |_   _| ____/ ___|_   _| |  _ \ / \  / ___|/ ___|| ____|  _ \ 
 (_)_____| |   | | |  _| \___ \ | |   | |_) / _ \ \___ \\___ \|  _| | | | |
  _|_____| |   | | | |___ ___) || |   |  __/ ___ \ ___) |___) | |___| |_| |
 (_)     | |   |_| |_____|____/ |_|   |_| /_/   \_\____/|____/|_____|____/ 
        /_/                                                                

TEST PASSED: Realizar compra usuario no registrado
----------------------------------------------------------------------------
]]></system-err>
</testsuite>
